<?xml version="1.0" encoding="UTF-8"?>
<!-- Generated by org.testng.reporters.JUnitReportReporter -->
<testsuite skipped="0" hostname="Subhani" name="testng.Dialogue_alert_Test" tests="1" failures="0" timestamp="2019-10-21T20:36:29 IST" time="6.182" errors="0">
  <testcase name="f" time="6.182" classname="testng.Dialogue_alert_Test"/>
</testsuite> <!-- testng.Dialogue_alert_Test -->
