<?xml version="1.0" encoding="UTF-8"?>
<!-- Generated by org.testng.reporters.JUnitReportReporter -->
<testsuite skipped="0" hostname="Subhani" name="testng.Headless_browser" tests="2" failures="0" timestamp="2019-10-21T20:36:28 IST" time="49.780" errors="0">
  <testcase name="headless" time="10.851" classname="testng.Headless_browser"/>
  <testcase name="firefox" time="38.929" classname="testng.Headless_browser"/>
</testsuite> <!-- testng.Headless_browser -->
