<?xml version="1.0" encoding="UTF-8"?>
<!-- Generated by org.testng.reporters.JUnitReportReporter -->
<testsuite skipped="0" hostname="Subhani" name="Selenium.MavenProject.NaukriData" tests="1" failures="0" timestamp="2019-10-15T13:06:12 IST" time="110.268" errors="0">
  <testcase name="login" time="110.268" classname="Selenium.MavenProject.NaukriData"/>
</testsuite> <!-- Selenium.MavenProject.NaukriData -->
