<?xml version="1.0" encoding="UTF-8"?>
<!-- Generated by org.testng.reporters.JUnitReportReporter -->
<testsuite skipped="0" hostname="Subhani" name="Selenium.MavenProject.WritingDataInExistingSheet" tests="1" failures="0" timestamp="2019-10-15T15:52:12 IST" time="0.940" errors="0">
  <testcase name="Existing_sheet" time="0.940" classname="Selenium.MavenProject.WritingDataInExistingSheet"/>
</testsuite> <!-- Selenium.MavenProject.WritingDataInExistingSheet -->
