<?xml version="1.0" encoding="UTF-8"?>
<!-- Generated by org.testng.reporters.JUnitReportReporter -->
<testsuite skipped="0" hostname="Subhani" name="testng.Spicejet" tests="1" failures="0" timestamp="2019-10-21T20:36:28 IST" time="8.818" errors="0">
  <testcase name="Spice_jet" time="8.818" classname="testng.Spicejet"/>
</testsuite> <!-- testng.Spicejet -->
