<?xml version="1.0" encoding="UTF-8"?>
<!-- Generated by org.testng.reporters.JUnitReportReporter -->
<testsuite skipped="0" hostname="Subhani" name="selenium_mavenProject.WritingDataInNewSheet" tests="1" failures="0" timestamp="2019-10-21T20:36:28 IST" time="0.465" errors="0">
  <testcase name="New_Worksheet" time="0.465" classname="selenium_mavenProject.WritingDataInNewSheet"/>
</testsuite> <!-- selenium_mavenProject.WritingDataInNewSheet -->
