<?xml version="1.0" encoding="UTF-8"?>
<!-- Generated by org.testng.reporters.JUnitReportReporter -->
<testsuite skipped="0" hostname="Subhani" name="testng.Orange_HRM" tests="5" failures="0" timestamp="2019-10-21T20:36:28 IST" time="26.821" errors="0">
  <testcase name="orange_hrm_services" time="4.728" classname="testng.Orange_HRM"/>
  <testcase name="admin" time="14.454" classname="testng.Orange_HRM"/>
  <testcase name="PIM" time="2.398" classname="testng.Orange_HRM"/>
  <testcase name="leave" time="2.578" classname="testng.Orange_HRM"/>
  <testcase name="maintenance" time="2.663" classname="testng.Orange_HRM"/>
</testsuite> <!-- testng.Orange_HRM -->
