<?xml version="1.0" encoding="UTF-8"?>
<!-- Generated by org.testng.reporters.JUnitReportReporter -->
<testsuite skipped="0" hostname="Subhani" name="testng.Headless" tests="1" failures="0" timestamp="2019-10-21T20:36:28 IST" time="43.311" errors="0">
  <testcase name="headles" time="43.311" classname="testng.Headless"/>
</testsuite> <!-- testng.Headless -->
