<?xml version="1.0" encoding="UTF-8"?>
<!-- Generated by org.testng.reporters.JUnitReportReporter -->
<testsuite skipped="0" hostname="Subhani" name="testng.PracticeTest" tests="1" failures="0" timestamp="2019-10-21T21:21:31 IST" time="28.986" errors="0">
  <testcase name="browsing" time="28.986" classname="testng.PracticeTest"/>
</testsuite> <!-- testng.PracticeTest -->
