<?xml version="1.0" encoding="UTF-8"?>
<!-- Generated by org.testng.reporters.JUnitReportReporter -->
<testsuite skipped="0" hostname="Subhani" name="Selenium.MavenProject.WritingDataInNewSheet" tests="1" failures="0" timestamp="2019-10-14T22:34:13 IST" time="0.469" errors="0">
  <testcase name="New_Worksheet" time="0.469" classname="Selenium.MavenProject.WritingDataInNewSheet"/>
</testsuite> <!-- Selenium.MavenProject.WritingDataInNewSheet -->
