<?xml version="1.0" encoding="UTF-8"?>
<!-- Generated by org.testng.reporters.JUnitReportReporter -->
<testsuite skipped="0" hostname="Subhani" name="selenium_mavenProject.NaukriData" tests="1" failures="0" timestamp="2019-10-21T20:36:28 IST" time="191.449" errors="0">
  <testcase name="login" time="191.449" classname="selenium_mavenProject.NaukriData"/>
</testsuite> <!-- selenium_mavenProject.NaukriData -->
