<?xml version="1.0" encoding="UTF-8"?>
<!-- Generated by org.testng.reporters.JUnitReportReporter -->
<testsuite skipped="0" hostname="Subhani" name="selenium_mavenProject.WritingDataInExistingSheet" tests="1" failures="0" timestamp="2019-10-21T20:36:29 IST" time="0.786" errors="0">
  <testcase name="Existing_sheet" time="0.786" classname="selenium_mavenProject.WritingDataInExistingSheet"/>
</testsuite> <!-- selenium_mavenProject.WritingDataInExistingSheet -->
