<?xml version="1.0" encoding="UTF-8"?>
<!-- Generated by org.testng.reporters.JUnitReportReporter -->
<testsuite skipped="0" hostname="Subhani" name="selenium_mavenProject.Mysql" tests="1" failures="0" timestamp="2019-10-21T21:58:50 IST" time="0.193" errors="0">
  <testcase name="database" time="0.193" classname="selenium_mavenProject.Mysql"/>
</testsuite> <!-- selenium_mavenProject.Mysql -->
